[server-test] updating /opt/lernhive from origin/main...
HEAD is now at f0e54e6 fix(test): stop preflight_cleanup from SIGTERMing its own parent shell
[server-test] invoking playbooks/test.sh --target=hetzner --suite=phpunit
[1;34m[test][0m target=hetzner  container=lernhive-webserver-1  suite=phpunit  component=<default: lernhive plugins>  full=0  reinit=0
[1;34m[test][0m preflight: killing stale phpunit/behat processes (if any)
[preflight] no stale phpunit/behat processes
[1;34m[test][0m preflight: dropping leftover phpu_* and behat_* tables
[preflight] no leftover phpu_/behat_ tables
[1;32m[test][0m preflight: container is clean
[1;34m[test][0m PHPUnit: diag
[1;34m[test][0m PHPUnit: rebuild component configs
[1;34m[test][0m PHPUnit: default filter → local_lernhive_contenthub_testsuite,local_lernhive_copy_testsuite,local_lernhive_flavour_testsuite,local_lernhive_library_testsuite,local_lernhive_onboarding_testsuite
[1;34m[test][0m PHPUnit: running --testsuite local_lernhive_contenthub_testsuite,local_lernhive_copy_testsuite,local_lernhive_flavour_testsuite,local_lernhive_library_testsuite,local_lernhive_onboarding_testsuite
Moodle 5.1.3+ (Build: 20260410)
Php: 8.2.30, pgsql: 16.13 (Debian 16.13-1.pgdg13+1), OS: Linux 6.8.0-90-generic x86_64
PHPUnit 11.5.55 by Sebastian Bergmann and contributors.

Runtime:       PHP 8.2.30
Configuration: /var/www/html/phpunit.xml

.................................F............................... 65 / 66 ( 98%)
.                                                                 66 / 66 (100%)

Time: 00:33.661, Memory: 72.50 MB

There was 1 failure:

1) local_lernhive_flavour\flavour_manager_test::test_apply_on_fresh_site_does_not_flag_overrides
Failed asserting that true is false.

/var/www/html/public/local/lernhive_flavour/tests/flavour_manager_test.php:100

FAILURES!
Tests: 66, Assertions: 180, Failures: 1, PHPUnit Deprecations: 41.
[1;31m[test][0m PHPUnit: failed (exit 1)
[1;31m[test][0m One or more suites failed.
