[server-test] updating /opt/lernhive from origin/main...
HEAD is now at 60c591f Hetzner Behat: one-shot remediation + self-diagnosing init failure
[server-test] invoking playbooks/test.sh --target=hetzner --suite=behat
[1;34m[test][0m target=hetzner  container=lernhive-webserver-1  suite=behat  component=<default: lernhive plugins>  full=0  reinit=0
[1;34m[test][0m preflight: killing stale phpunit/behat processes (if any)
[preflight] no stale phpunit/behat processes
[1;34m[test][0m preflight: dropping leftover phpu_* and behat_* tables
[preflight] no leftover phpu_/behat_ tables
[1;32m[test][0m preflight: container is clean
[1;34m[test][0m Behat: diag
Unknown error 1 This is not a behat test site!
[1;34m[test][0m Behat: init (diag rc=1, force=0, args=<full install>)
You are already using the latest available Composer version 2.9.7 (stable channel).
Installing dependencies from lock file (including require-dev)
Verifying lock file contents can be installed on current platform.
Nothing to install, update or remove
Generating autoload files
56 packages you are using are looking for funding.
Use the `composer fund` command to find out more!
Unknown error 1 This is not a behat test site!
[1;31m[test][0m Behat init failed. Dumping infra diagnostics (see playbooks/testing-hetzner.md §1+§3).
----- config.php test keys (expect 6 lines) -----
$CFG->phpunit_prefix   = 'phpu_';
$CFG->phpunit_dataroot = '/var/www/moodledata_phpunit';
$CFG->behat_prefix     = 'beh_';
$CFG->behat_dataroot   = '/var/www/moodledata_behat';
$CFG->behat_wwwroot    = 'http://webserver';
$CFG->behat_profiles = [
----- /var/www/moodledata_behat -----
drwxrwsrwx 3 www-data www-data 4096 Apr 11 14:09 /var/www/moodledata_behat
total 24
drwxrwsrwx 3 www-data www-data 4096 Apr 11 14:09 .
drwxr-xr-x 1 root     root     4096 Apr 11 11:21 ..
drwxrwsrwx 9 www-data www-data 4096 Apr 11 14:09 behatrun
-rw-rw-rw- 1 www-data www-data  106 Apr 17 04:50 run_environment.json
----- selenium /status -----
{
  "value": {
    "ready": true,
    "message": "Selenium Grid ready.",
    "nodes": [
      {
        "maxSessions": 1,
        "availability": "UP",
        "version": "4.41.0 (revision 9fc754f90a)",
        "sessionTimeout": 300000,
        "id": "8d3da6e9-5df8-4570-9da8-211f9e7dfb84",
        "slots": [
          {
            "id": {
              "hostId": "8d3da6e9-5df8-4570-9da8-211f9e7dfb84",
              "id": "d93f1816-1f7d-4af6-a1e4-2770a4e7043f"
            },
            "lastStarted": "1970-01-01T00:00:00Z",
            "session": null,
            "stereotype": {
              "browserName": "firefox",
              "browserVersion": "147.0",
              "container:hostname": "4d31057f29a7",
              "moz:firefoxOptions": {
                "binary": "\u002fusr\u002fbin\u002ffirefox"
              },
              "platformName": "linux",
              "se:containerName": "4d31057f29a7",
              "se:deleteSessionOnUi": true,
              "se:downloadsEnabled": true,
              "se:noVncPort": 7900,
              "se:vncEnabled": true
            }
          }
        ],
        "heartbeatPeriod": 15000,
        "uri": "http:\u002f\u002f172.18.0.4:4444",
        "osInfo": {
          "arch": "amd64",
          "version": "6.8.0-90-generic",
          "name": "Linux"
        }
      }
    ]
  }
}[1;31m[test][0m Remediation: run 'sudo bash /opt/lernhive/playbooks/hetzner-behat-fix.sh' on the Hetzner host.
